\BOOKMARK [1][-]{section.1}{Python}{}% 1
\BOOKMARK [2][-]{subsection.1.1}{Introduction}{section.1}% 2
\BOOKMARK [2][-]{subsection.1.2}{Installation}{section.1}% 3
\BOOKMARK [3][-]{subsubsection.1.2.1}{Installation from unofficial distributions}{subsection.1.2}% 4
\BOOKMARK [2][-]{subsection.1.3}{Launching IPython Notebook}{section.1}% 5
\BOOKMARK [2][-]{subsection.1.4}{How to learn from this resource?}{section.1}% 6
\BOOKMARK [2][-]{subsection.1.5}{License}{section.1}% 7
\BOOKMARK [1][-]{section.2}{The Zen Of Python}{}% 8
\BOOKMARK [1][-]{section.3}{Variables}{}% 9
\BOOKMARK [1][-]{section.4}{Operators}{}% 10
\BOOKMARK [2][-]{subsection.4.1}{Arithmetic Operators}{section.4}% 11
\BOOKMARK [2][-]{subsection.4.2}{Relational Operators}{section.4}% 12
\BOOKMARK [2][-]{subsection.4.3}{Bitwise Operators}{section.4}% 13
\BOOKMARK [1][-]{section.5}{Built-in Functions}{}% 14
\BOOKMARK [2][-]{subsection.5.1}{Conversion from one system to another}{section.5}% 15
\BOOKMARK [2][-]{subsection.5.2}{Simplifying Arithmetic Operations}{section.5}% 16
\BOOKMARK [2][-]{subsection.5.3}{Accepting User Inputs}{section.5}% 17
\BOOKMARK [1][-]{section.6}{Print Statement}{}% 18
\BOOKMARK [2][-]{subsection.6.1}{Other Examples}{section.6}% 19
\BOOKMARK [1][-]{section.7}{PrecisionWidth and FieldWidth}{}% 20
\BOOKMARK [1][-]{section.8}{Data Structures}{}% 21
\BOOKMARK [2][-]{subsection.8.1}{Lists}{section.8}% 22
\BOOKMARK [3][-]{subsubsection.8.1.1}{Indexing}{subsection.8.1}% 23
\BOOKMARK [3][-]{subsubsection.8.1.2}{Slicing}{subsection.8.1}% 24
\BOOKMARK [3][-]{subsubsection.8.1.3}{Built in List Functions}{subsection.8.1}% 25
\BOOKMARK [3][-]{subsubsection.8.1.4}{Copying a list}{subsection.8.1}% 26
\BOOKMARK [2][-]{subsection.8.2}{Tuples}{section.8}% 27
\BOOKMARK [3][-]{subsubsection.8.2.1}{Mapping one tuple to another}{subsection.8.2}% 28
\BOOKMARK [3][-]{subsubsection.8.2.2}{Built In Tuple functions}{subsection.8.2}% 29
\BOOKMARK [2][-]{subsection.8.3}{Sets}{section.8}% 30
\BOOKMARK [3][-]{subsubsection.8.3.1}{Built-in Functions}{subsection.8.3}% 31
\BOOKMARK [2][-]{subsection.8.4}{Strings}{section.8}% 32
\BOOKMARK [3][-]{subsubsection.8.4.1}{Built-in Functions}{subsection.8.4}% 33
\BOOKMARK [2][-]{subsection.8.5}{Dictionaries}{section.8}% 34
\BOOKMARK [3][-]{subsubsection.8.5.1}{Built-in Functions}{subsection.8.5}% 35
\BOOKMARK [1][-]{section.9}{Control Flow Statements}{}% 36
\BOOKMARK [2][-]{subsection.9.1}{If}{section.9}% 37
\BOOKMARK [2][-]{subsection.9.2}{If-else}{section.9}% 38
\BOOKMARK [2][-]{subsection.9.3}{if-elif}{section.9}% 39
\BOOKMARK [2][-]{subsection.9.4}{Loops}{section.9}% 40
\BOOKMARK [3][-]{subsubsection.9.4.1}{For}{subsection.9.4}% 41
\BOOKMARK [3][-]{subsubsection.9.4.2}{While}{subsection.9.4}% 42
\BOOKMARK [2][-]{subsection.9.5}{Break}{section.9}% 43
\BOOKMARK [2][-]{subsection.9.6}{Continue}{section.9}% 44
\BOOKMARK [2][-]{subsection.9.7}{List Comprehensions}{section.9}% 45
\BOOKMARK [1][-]{section.10}{Functions}{}% 46
\BOOKMARK [2][-]{subsection.10.1}{Return Statement}{section.10}% 47
\BOOKMARK [2][-]{subsection.10.2}{Implicit arguments}{section.10}% 48
\BOOKMARK [2][-]{subsection.10.3}{Any number of arguments}{section.10}% 49
\BOOKMARK [2][-]{subsection.10.4}{Global and Local Variables}{section.10}% 50
\BOOKMARK [2][-]{subsection.10.5}{Lambda Functions}{section.10}% 51
\BOOKMARK [3][-]{subsubsection.10.5.1}{map}{subsection.10.5}% 52
\BOOKMARK [3][-]{subsubsection.10.5.2}{filter}{subsection.10.5}% 53
\BOOKMARK [1][-]{section.11}{Classes}{}% 54
\BOOKMARK [2][-]{subsection.11.1}{Inheritance}{section.11}% 55
\BOOKMARK [1][-]{section.12}{Where to go from here?}{}% 56
